[ 2016-06-12T16:15:40+08:00 ] ::1 /tp
INFO: [ app_init ] --START--
INFO: Run Behavior\BuildLiteBehavior [ RunTime:0.000017s ]
INFO: [ app_init ] --END-- [ RunTime:0.018719s ]
ERR: 无法加载模块:Tp

[ 2016-06-12T16:15:40+08:00 ] ::1 /favicon.ico
INFO: [ app_init ] --START--
INFO: Run Behavior\BuildLiteBehavior [ RunTime:0.000017s ]
INFO: [ app_init ] --END-- [ RunTime:0.000473s ]
ERR: 无法加载模块:Favicon

[ 2016-06-12T17:19:58+08:00 ] ::1 /tp
INFO: [ app_init ] --START--
INFO: Run Behavior\BuildLiteBehavior [ RunTime:0.000035s ]
INFO: [ app_init ] --END-- [ RunTime:0.001217s ]
ERR: 无法加载模块:Tp
NOTIC: [2] Cannot modify header information - headers already sent by (output started at C:\xampp\htdocs\tp\index.php:13) C:\xampp\htdocs\tp\ThinkPHP\Library\Think\Think.class.php 第 229 行.
NOTIC: [2] Cannot modify header information - headers already sent by (output started at C:\xampp\htdocs\tp\index.php:13) C:\xampp\htdocs\tp\ThinkPHP\Library\Think\Think.class.php 第 230 行.

[ 2016-06-12T17:20:13+08:00 ] ::1 /tp
INFO: [ app_init ] --START--
INFO: Run Behavior\BuildLiteBehavior [ RunTime:0.000021s ]
INFO: [ app_init ] --END-- [ RunTime:0.000588s ]
ERR: 无法加载模块:Tp

[ 2016-06-12T17:28:32+08:00 ] ::1 /tp/index.php
INFO: [ app_init ] --START--
INFO: Run Behavior\BuildLiteBehavior [ RunTime:0.000018s ]
INFO: [ app_init ] --END-- [ RunTime:0.000558s ]
ERR: 无法加载模块:Tp

[ 2016-06-12T17:30:21+08:00 ] ::1 /tp/index.php/Home/Index/index
INFO: [ app_init ] --START--
INFO: Run Behavior\BuildLiteBehavior [ RunTime:0.000068s ]
INFO: [ app_init ] --END-- [ RunTime:0.000931s ]
ERR: 无法加载模块:Tp

[ 2016-06-12T17:30:24+08:00 ] ::1 /tp/index.php/Home/Index
INFO: [ app_init ] --START--
INFO: Run Behavior\BuildLiteBehavior [ RunTime:0.000018s ]
INFO: [ app_init ] --END-- [ RunTime:0.000457s ]
ERR: 无法加载模块:Tp

[ 2016-06-12T17:30:27+08:00 ] ::1 /tp/index.php/Home/Index/
INFO: [ app_init ] --START--
INFO: Run Behavior\BuildLiteBehavior [ RunTime:0.000017s ]
INFO: [ app_init ] --END-- [ RunTime:0.000402s ]
ERR: 无法加载模块:Tp

[ 2016-06-12T17:30:30+08:00 ] ::1 /tp/index.php
INFO: [ app_init ] --START--
INFO: Run Behavior\BuildLiteBehavior [ RunTime:0.000027s ]
INFO: [ app_init ] --END-- [ RunTime:0.000676s ]
ERR: 无法加载模块:Tp

[ 2016-06-12T17:30:42+08:00 ] ::1 /tp/index.php
ERR: 无法加载模块:Tp

[ 2016-06-12T17:30:43+08:00 ] ::1 /tp/index.php
ERR: 无法加载模块:Tp

[ 2016-06-12T17:30:44+08:00 ] ::1 /tp/index.php
ERR: 无法加载模块:Tp

[ 2016-06-12T17:30:44+08:00 ] ::1 /tp/index.php
ERR: 无法加载模块:Tp

[ 2016-06-12T17:30:44+08:00 ] ::1 /tp/index.php
ERR: 无法加载模块:Tp

[ 2016-06-12T17:30:51+08:00 ] ::1 /tp/index.php
INFO: [ app_init ] --START--
INFO: Run Behavior\BuildLiteBehavior [ RunTime:0.000017s ]
INFO: [ app_init ] --END-- [ RunTime:0.000475s ]
ERR: 无法加载模块:Tp

[ 2016-06-12T17:36:47+08:00 ] ::1 /Tp/index.php
INFO: [ app_init ] --START--
INFO: Run Behavior\BuildLiteBehavior [ RunTime:0.000019s ]
INFO: [ app_init ] --END-- [ RunTime:0.000646s ]
ERR: 无法加载模块:Tp

[ 2016-06-12T17:36:51+08:00 ] ::1 /123/index.php
INFO: [ app_init ] --START--
INFO: Run Behavior\BuildLiteBehavior [ RunTime:0.000017s ]
INFO: [ app_init ] --END-- [ RunTime:0.000422s ]
ERR: 无法加载模块:123

